<?xml version="1.0" encoding="UTF-8"?>
<!-- Generated by org.testng.reporters.JUnitReportReporter -->
<testsuite hostname="DESKTOP-5QFQ05M" failures="0" tests="1" name="MyTestSet.MyWebTest" time="41.664" errors="0" timestamp="2022-04-14T15:27:16 CST" skipped="0">
  <testcase classname="MyTestSet.MyWebTest" name="MyTest" time="41.664"/>
  <system-out/>
</testsuite> <!-- MyTestSet.MyWebTest -->
